0 info it worked if it ends with ok
1 verbose cli [ '/usr/local/bin/node',
1 verbose cli   '/usr/local/bin/npm',
1 verbose cli   'install',
1 verbose cli   'lodash@7.8.0',
1 verbose cli   '--only:dev',
1 verbose cli   '--prefix',
1 verbose cli   '/Users/a45kb/Projects/npm-ui',
1 verbose cli   '--save' ]
2 info using npm@3.5.2
3 info using node@v5.1.0
4 silly loadCurrentTree Starting
5 silly install loadCurrentTree
6 silly install readLocalPackageData
7 silly fetchPackageMetaData lodash@7.8.0
8 silly fetchNamedPackageData lodash
9 silly mapToRegistry name lodash
10 silly mapToRegistry using default registry
11 silly mapToRegistry registry https://registry.npmjs.org/
12 silly mapToRegistry uri https://registry.npmjs.org/lodash
13 verbose request uri https://registry.npmjs.org/lodash
14 verbose request no auth needed
15 info attempt registry request try #1 at 12:52:06
16 verbose request using bearer token for auth
17 verbose request id 864e4bfac23b5bd1
18 verbose etag "CYE67PTYOKR1H5FXRB004RJAY"
19 http request GET https://registry.npmjs.org/lodash
20 http 304 https://registry.npmjs.org/lodash
21 verbose headers { 'cache-control': 'max-age=300',
21 verbose headers   'accept-ranges': 'bytes',
21 verbose headers   date: 'Wed, 09 Mar 2016 11:52:07 GMT',
21 verbose headers   via: '1.1 varnish',
21 verbose headers   connection: 'keep-alive',
21 verbose headers   'x-served-by': 'cache-fra1222-FRA',
21 verbose headers   'x-cache': 'MISS',
21 verbose headers   'x-cache-hits': '0',
21 verbose headers   'x-timer': 'S1457524327.200387,VS0,VE433' }
22 silly get cb [ 304,
22 silly get   { 'cache-control': 'max-age=300',
22 silly get     'accept-ranges': 'bytes',
22 silly get     date: 'Wed, 09 Mar 2016 11:52:07 GMT',
22 silly get     via: '1.1 varnish',
22 silly get     connection: 'keep-alive',
22 silly get     'x-served-by': 'cache-fra1222-FRA',
22 silly get     'x-cache': 'MISS',
22 silly get     'x-cache-hits': '0',
22 silly get     'x-timer': 'S1457524327.200387,VS0,VE433' } ]
23 verbose etag https://registry.npmjs.org/lodash from cache
24 verbose get saving lodash to /Users/a45kb/.npm/registry.npmjs.org/lodash/.cache.json
25 silly fetchPackageMetaData Error: No compatible version found: lodash@7.8.0
25 silly fetchPackageMetaData Valid install targets:
25 silly fetchPackageMetaData 4.6.1, 4.6.0, 4.5.1, 4.5.0, 4.4.0, 4.3.0, 4.2.1, 4.2.0, 4.1.0, 4.0.1, 4.0.0, 3.10.1, 3.10.0, 3.9.3, 3.9.2, 3.9.1, 3.9.0, 3.8.0, 3.7.0, 3.6.0, 3.5.0, 3.4.0, 3.3.1, 3.3.0, 3.2.0, 3.1.0, 3.0.1, 3.0.0, 2.4.2, 2.4.1, 2.4.0, 2.3.0, 2.2.1, 2.2.0, 2.1.0, 2.0.0, 1.3.1, 1.3.0, 1.2.1, 1.2.0, 1.1.1, 1.1.0, 1.0.2, 1.0.1, 1.0.0, 1.0.0-rc.3, 1.0.0-rc.2, 1.0.0-rc.1, 0.10.0, 0.9.2, 0.9.1, 0.9.0, 0.8.2, 0.8.1, 0.8.0, 0.7.0, 0.6.1, 0.6.0, 0.5.2, 0.5.1, 0.5.0, 0.5.0-rc.1, 0.4.2, 0.4.1, 0.4.0, 0.3.2, 0.3.1, 0.3.0, 0.2.2, 0.2.1, 0.2.0, 0.1.0
25 silly fetchPackageMetaData
25 silly fetchPackageMetaData     at pickVersionFromRegistryDocument (/usr/local/lib/node_modules/npm/lib/fetch-package-metadata.js:156:16)
25 silly fetchPackageMetaData     at /usr/local/lib/node_modules/npm/node_modules/iferr/index.js:13:50
25 silly fetchPackageMetaData     at /usr/local/lib/node_modules/npm/lib/utils/pulse-till-done.js:19:8
25 silly fetchPackageMetaData     at saved (/usr/local/lib/node_modules/npm/lib/cache/caching-client.js:168:7)
25 silly fetchPackageMetaData     at /usr/local/lib/node_modules/npm/node_modules/graceful-fs/polyfills.js:210:7
25 silly fetchPackageMetaData     at FSReqWrap.oncomplete (fs.js:82:15)
25 silly fetchPackageMetaData  error for lodash@7.8.0 [Error: No compatible version found: lodash@7.8.0
25 silly fetchPackageMetaData Valid install targets:
25 silly fetchPackageMetaData 4.6.1, 4.6.0, 4.5.1, 4.5.0, 4.4.0, 4.3.0, 4.2.1, 4.2.0, 4.1.0, 4.0.1, 4.0.0, 3.10.1, 3.10.0, 3.9.3, 3.9.2, 3.9.1, 3.9.0, 3.8.0, 3.7.0, 3.6.0, 3.5.0, 3.4.0, 3.3.1, 3.3.0, 3.2.0, 3.1.0, 3.0.1, 3.0.0, 2.4.2, 2.4.1, 2.4.0, 2.3.0, 2.2.1, 2.2.0, 2.1.0, 2.0.0, 1.3.1, 1.3.0, 1.2.1, 1.2.0, 1.1.1, 1.1.0, 1.0.2, 1.0.1, 1.0.0, 1.0.0-rc.3, 1.0.0-rc.2, 1.0.0-rc.1, 0.10.0, 0.9.2, 0.9.1, 0.9.0, 0.8.2, 0.8.1, 0.8.0, 0.7.0, 0.6.1, 0.6.0, 0.5.2, 0.5.1, 0.5.0, 0.5.0-rc.1, 0.4.2, 0.4.1, 0.4.0, 0.3.2, 0.3.1, 0.3.0, 0.2.2, 0.2.1, 0.2.0, 0.1.0
25 silly fetchPackageMetaData ]
26 silly rollbackFailedOptional Starting
27 silly rollbackFailedOptional Finishing
28 silly runTopLevelLifecycles Starting
29 silly runTopLevelLifecycles Finishing
30 silly install printInstalled
31 verbose stack Error: No compatible version found: lodash@7.8.0
31 verbose stack Valid install targets:
31 verbose stack 4.6.1, 4.6.0, 4.5.1, 4.5.0, 4.4.0, 4.3.0, 4.2.1, 4.2.0, 4.1.0, 4.0.1, 4.0.0, 3.10.1, 3.10.0, 3.9.3, 3.9.2, 3.9.1, 3.9.0, 3.8.0, 3.7.0, 3.6.0, 3.5.0, 3.4.0, 3.3.1, 3.3.0, 3.2.0, 3.1.0, 3.0.1, 3.0.0, 2.4.2, 2.4.1, 2.4.0, 2.3.0, 2.2.1, 2.2.0, 2.1.0, 2.0.0, 1.3.1, 1.3.0, 1.2.1, 1.2.0, 1.1.1, 1.1.0, 1.0.2, 1.0.1, 1.0.0, 1.0.0-rc.3, 1.0.0-rc.2, 1.0.0-rc.1, 0.10.0, 0.9.2, 0.9.1, 0.9.0, 0.8.2, 0.8.1, 0.8.0, 0.7.0, 0.6.1, 0.6.0, 0.5.2, 0.5.1, 0.5.0, 0.5.0-rc.1, 0.4.2, 0.4.1, 0.4.0, 0.3.2, 0.3.1, 0.3.0, 0.2.2, 0.2.1, 0.2.0, 0.1.0
31 verbose stack
31 verbose stack     at pickVersionFromRegistryDocument (/usr/local/lib/node_modules/npm/lib/fetch-package-metadata.js:156:16)
31 verbose stack     at /usr/local/lib/node_modules/npm/node_modules/iferr/index.js:13:50
31 verbose stack     at /usr/local/lib/node_modules/npm/lib/utils/pulse-till-done.js:19:8
31 verbose stack     at saved (/usr/local/lib/node_modules/npm/lib/cache/caching-client.js:168:7)
31 verbose stack     at /usr/local/lib/node_modules/npm/node_modules/graceful-fs/polyfills.js:210:7
31 verbose stack     at FSReqWrap.oncomplete (fs.js:82:15)
32 verbose cwd /Users/a45kb/Projects/npm-ui
33 error Darwin 14.5.0
34 error argv "/usr/local/bin/node" "/usr/local/bin/npm" "install" "lodash@7.8.0" "--only:dev" "--prefix" "/Users/a45kb/Projects/npm-ui" "--save"
35 error node v5.1.0
36 error npm  v3.5.2
37 error No compatible version found: lodash@7.8.0
37 error Valid install targets:
37 error 4.6.1, 4.6.0, 4.5.1, 4.5.0, 4.4.0, 4.3.0, 4.2.1, 4.2.0, 4.1.0, 4.0.1, 4.0.0, 3.10.1, 3.10.0, 3.9.3, 3.9.2, 3.9.1, 3.9.0, 3.8.0, 3.7.0, 3.6.0, 3.5.0, 3.4.0, 3.3.1, 3.3.0, 3.2.0, 3.1.0, 3.0.1, 3.0.0, 2.4.2, 2.4.1, 2.4.0, 2.3.0, 2.2.1, 2.2.0, 2.1.0, 2.0.0, 1.3.1, 1.3.0, 1.2.1, 1.2.0, 1.1.1, 1.1.0, 1.0.2, 1.0.1, 1.0.0, 1.0.0-rc.3, 1.0.0-rc.2, 1.0.0-rc.1, 0.10.0, 0.9.2, 0.9.1, 0.9.0, 0.8.2, 0.8.1, 0.8.0, 0.7.0, 0.6.1, 0.6.0, 0.5.2, 0.5.1, 0.5.0, 0.5.0-rc.1, 0.4.2, 0.4.1, 0.4.0, 0.3.2, 0.3.1, 0.3.0, 0.2.2, 0.2.1, 0.2.0, 0.1.0
38 error If you need help, you may report this error at:
38 error     <https://github.com/npm/npm/issues>
39 verbose exit [ 1, true ]
